Start auto log messages stack - Iteration 11.	[MsgId: MMSG-10545]
Action.c(35): web_url("sign up now") was successful, 14475 body bytes, 838 header bytes, 12 chunking overhead bytes  	[MsgId: MMSG-26385]
Action.c(44): Notify: Transaction "open_signuppage" ended with a "Pass" status (Duration: 0,1016 Wasted Time: 0,0000).	[MsgId: MMSG-16871]
Action.c(48): Notify: Transaction "add_register_data" started.	[MsgId: MMSG-16999]
Action.c(51): web_reg_find started  	[MsgId: MMSG-26355]
Action.c(51): Registering web_reg_find was successful  	[MsgId: MMSG-26390]
Action.c(55): web_submit_data("login.pl") started  	[MsgId: MMSG-26355]
Action.c(55): Resource "http://localhost:1080/WebTours/profileValidate.js" is in the cache already and will not be downloaded again  	[MsgId: MMSG-26655]
Action.c(55): Resource "http://localhost:1080/WebTours/images/button_next.gif" is in the cache already and will not be downloaded again  	[MsgId: MMSG-26655]
Action.c(55): Error -26366: "Text=Thank you, <b>Sharikov</b>, for registering" not found for web_reg_find  	[MsgId: MERR-26366]
End auto log messages stack.	[MsgId: MMSG-10544]


Start auto log messages stack - Iteration 12.	[MsgId: MMSG-10545]
Action.c(35): web_url("sign up now") was successful, 14475 body bytes, 838 header bytes, 12 chunking overhead bytes  	[MsgId: MMSG-26385]
Action.c(44): Notify: Transaction "open_signuppage" ended with a "Pass" status (Duration: 0,0762 Wasted Time: 0,0000).	[MsgId: MMSG-16871]
Action.c(48): Notify: Transaction "add_register_data" started.	[MsgId: MMSG-16999]
Action.c(51): web_reg_find started  	[MsgId: MMSG-26355]
Action.c(51): Registering web_reg_find was successful  	[MsgId: MMSG-26390]
Action.c(55): web_submit_data("login.pl") started  	[MsgId: MMSG-26355]
Action.c(55): Resource "http://localhost:1080/WebTours/profileValidate.js" is in the cache already and will not be downloaded again  	[MsgId: MMSG-26655]
Action.c(55): Resource "http://localhost:1080/WebTours/images/button_next.gif" is in the cache already and will not be downloaded again  	[MsgId: MMSG-26655]
Action.c(55): Error -26366: "Text=Thank you, <b>Gagarin</b>, for registering" not found for web_reg_find  	[MsgId: MERR-26366]
End auto log messages stack.	[MsgId: MMSG-10544]


Start auto log messages stack - Iteration 13.	[MsgId: MMSG-10545]
Action.c(35): web_url("sign up now") was successful, 14475 body bytes, 838 header bytes, 12 chunking overhead bytes  	[MsgId: MMSG-26385]
Action.c(44): Notify: Transaction "open_signuppage" ended with a "Pass" status (Duration: 0,1027 Wasted Time: 0,0000).	[MsgId: MMSG-16871]
Action.c(48): Notify: Transaction "add_register_data" started.	[MsgId: MMSG-16999]
Action.c(51): web_reg_find started  	[MsgId: MMSG-26355]
Action.c(51): Registering web_reg_find was successful  	[MsgId: MMSG-26390]
Action.c(55): web_submit_data("login.pl") started  	[MsgId: MMSG-26355]
Action.c(55): Resource "http://localhost:1080/WebTours/profileValidate.js" is in the cache already and will not be downloaded again  	[MsgId: MMSG-26655]
Action.c(55): Resource "http://localhost:1080/WebTours/images/button_next.gif" is in the cache already and will not be downloaded again  	[MsgId: MMSG-26655]
Action.c(55): Error -26366: "Text=Thank you, <b>Balbes</b>, for registering" not found for web_reg_find  	[MsgId: MERR-26366]
End auto log messages stack.	[MsgId: MMSG-10544]


Start auto log messages stack - Iteration 14.	[MsgId: MMSG-10545]
Action.c(35): web_url("sign up now") was successful, 14475 body bytes, 838 header bytes, 12 chunking overhead bytes  	[MsgId: MMSG-26385]
Action.c(44): Notify: Transaction "open_signuppage" ended with a "Pass" status (Duration: 0,0855 Wasted Time: 0,0001).	[MsgId: MMSG-16871]
Action.c(48): Notify: Transaction "add_register_data" started.	[MsgId: MMSG-16999]
Action.c(51): web_reg_find started  	[MsgId: MMSG-26355]
Action.c(51): Registering web_reg_find was successful  	[MsgId: MMSG-26390]
Action.c(55): web_submit_data("login.pl") started  	[MsgId: MMSG-26355]
Action.c(55): Resource "http://localhost:1080/WebTours/profileValidate.js" is in the cache already and will not be downloaded again  	[MsgId: MMSG-26655]
Action.c(55): Resource "http://localhost:1080/WebTours/images/button_next.gif" is in the cache already and will not be downloaded again  	[MsgId: MMSG-26655]
Action.c(55): Error -26366: "Text=Thank you, <b>Stirlitz</b>, for registering" not found for web_reg_find  	[MsgId: MERR-26366]
End auto log messages stack.	[MsgId: MMSG-10544]


Start auto log messages stack - Iteration 15.	[MsgId: MMSG-10545]
Action.c(35): web_url("sign up now") was successful, 14475 body bytes, 838 header bytes, 12 chunking overhead bytes  	[MsgId: MMSG-26385]
Action.c(44): Notify: Transaction "open_signuppage" ended with a "Pass" status (Duration: 0,1092 Wasted Time: 0,0000).	[MsgId: MMSG-16871]
Action.c(48): Notify: Transaction "add_register_data" started.	[MsgId: MMSG-16999]
Action.c(51): web_reg_find started  	[MsgId: MMSG-26355]
Action.c(51): Registering web_reg_find was successful  	[MsgId: MMSG-26390]
Action.c(55): web_submit_data("login.pl") started  	[MsgId: MMSG-26355]
Action.c(55): Resource "http://localhost:1080/WebTours/profileValidate.js" is in the cache already and will not be downloaded again  	[MsgId: MMSG-26655]
Action.c(55): Resource "http://localhost:1080/WebTours/images/button_next.gif" is in the cache already and will not be downloaded again  	[MsgId: MMSG-26655]
Action.c(55): Error -26366: "Text=Thank you, <b>Kozodoev</b>, for registering" not found for web_reg_find  	[MsgId: MERR-26366]
End auto log messages stack.	[MsgId: MMSG-10544]


Start auto log messages stack - Iteration 16.	[MsgId: MMSG-10545]
Action.c(35): web_url("sign up now") was successful, 14475 body bytes, 838 header bytes, 12 chunking overhead bytes  	[MsgId: MMSG-26385]
Action.c(44): Notify: Transaction "open_signuppage" ended with a "Pass" status (Duration: 0,0935 Wasted Time: 0,0000).	[MsgId: MMSG-16871]
Action.c(48): Notify: Transaction "add_register_data" started.	[MsgId: MMSG-16999]
Action.c(51): web_reg_find started  	[MsgId: MMSG-26355]
Action.c(51): Registering web_reg_find was successful  	[MsgId: MMSG-26390]
Action.c(55): web_submit_data("login.pl") started  	[MsgId: MMSG-26355]
Action.c(55): Resource "http://localhost:1080/WebTours/profileValidate.js" is in the cache already and will not be downloaded again  	[MsgId: MMSG-26655]
Action.c(55): Resource "http://localhost:1080/WebTours/images/button_next.gif" is in the cache already and will not be downloaded again  	[MsgId: MMSG-26655]
Action.c(55): Error -26366: "Text=Thank you, <b>Shurik</b>, for registering" not found for web_reg_find  	[MsgId: MERR-26366]
End auto log messages stack.	[MsgId: MMSG-10544]


Start auto log messages stack - Iteration 17.	[MsgId: MMSG-10545]
Action.c(35): web_url("sign up now") was successful, 14475 body bytes, 838 header bytes, 12 chunking overhead bytes  	[MsgId: MMSG-26385]
Action.c(44): Notify: Transaction "open_signuppage" ended with a "Pass" status (Duration: 0,0960 Wasted Time: 0,0000).	[MsgId: MMSG-16871]
Action.c(48): Notify: Transaction "add_register_data" started.	[MsgId: MMSG-16999]
Action.c(51): web_reg_find started  	[MsgId: MMSG-26355]
Action.c(51): Registering web_reg_find was successful  	[MsgId: MMSG-26390]
Action.c(55): web_submit_data("login.pl") started  	[MsgId: MMSG-26355]
Action.c(55): Resource "http://localhost:1080/WebTours/profileValidate.js" is in the cache already and will not be downloaded again  	[MsgId: MMSG-26655]
Action.c(55): Resource "http://localhost:1080/WebTours/images/button_next.gif" is in the cache already and will not be downloaded again  	[MsgId: MMSG-26655]
Action.c(55): Error -26366: "Text=Thank you, <b>Vodkin</b>, for registering" not found for web_reg_find  	[MsgId: MERR-26366]
End auto log messages stack.	[MsgId: MMSG-10544]


Start auto log messages stack - Iteration 18.	[MsgId: MMSG-10545]
Action.c(35): web_url("sign up now") was successful, 14475 body bytes, 838 header bytes, 12 chunking overhead bytes  	[MsgId: MMSG-26385]
Action.c(44): Notify: Transaction "open_signuppage" ended with a "Pass" status (Duration: 0,0801 Wasted Time: 0,0001).	[MsgId: MMSG-16871]
Action.c(48): Notify: Transaction "add_register_data" started.	[MsgId: MMSG-16999]
Action.c(51): web_reg_find started  	[MsgId: MMSG-26355]
Action.c(51): Registering web_reg_find was successful  	[MsgId: MMSG-26390]
Action.c(55): web_submit_data("login.pl") started  	[MsgId: MMSG-26355]
Action.c(55): Resource "http://localhost:1080/WebTours/profileValidate.js" is in the cache already and will not be downloaded again  	[MsgId: MMSG-26655]
Action.c(55): Resource "http://localhost:1080/WebTours/images/button_next.gif" is in the cache already and will not be downloaded again  	[MsgId: MMSG-26655]
Action.c(55): Error -26366: "Text=Thank you, <b>Borman</b>, for registering" not found for web_reg_find  	[MsgId: MERR-26366]
End auto log messages stack.	[MsgId: MMSG-10544]


Start auto log messages stack - Iteration 19.	[MsgId: MMSG-10545]
Action.c(35): web_url("sign up now") was successful, 14475 body bytes, 838 header bytes, 12 chunking overhead bytes  	[MsgId: MMSG-26385]
Action.c(44): Notify: Transaction "open_signuppage" ended with a "Pass" status (Duration: 0,0955 Wasted Time: 0,0000).	[MsgId: MMSG-16871]
Action.c(48): Notify: Transaction "add_register_data" started.	[MsgId: MMSG-16999]
Action.c(51): web_reg_find started  	[MsgId: MMSG-26355]
Action.c(51): Registering web_reg_find was successful  	[MsgId: MMSG-26390]
Action.c(55): web_submit_data("login.pl") started  	[MsgId: MMSG-26355]
Action.c(55): Resource "http://localhost:1080/WebTours/profileValidate.js" is in the cache already and will not be downloaded again  	[MsgId: MMSG-26655]
Action.c(55): Resource "http://localhost:1080/WebTours/images/button_next.gif" is in the cache already and will not be downloaded again  	[MsgId: MMSG-26655]
Action.c(55): Error -26366: "Text=Thank you, <b>Prostokvashino</b>, for registering" not found for web_reg_find  	[MsgId: MERR-26366]
End auto log messages stack.	[MsgId: MMSG-10544]


Start auto log messages stack - Iteration 20.	[MsgId: MMSG-10545]
Action.c(35): web_url("sign up now") was successful, 14475 body bytes, 838 header bytes, 12 chunking overhead bytes  	[MsgId: MMSG-26385]
Action.c(44): Notify: Transaction "open_signuppage" ended with a "Pass" status (Duration: 0,0923 Wasted Time: 0,0000).	[MsgId: MMSG-16871]
Action.c(48): Notify: Transaction "add_register_data" started.	[MsgId: MMSG-16999]
Action.c(51): web_reg_find started  	[MsgId: MMSG-26355]
Action.c(51): Registering web_reg_find was successful  	[MsgId: MMSG-26390]
Action.c(55): web_submit_data("login.pl") started  	[MsgId: MMSG-26355]
Action.c(55): Resource "http://localhost:1080/WebTours/profileValidate.js" is in the cache already and will not be downloaded again  	[MsgId: MMSG-26655]
Action.c(55): Resource "http://localhost:1080/WebTours/images/button_next.gif" is in the cache already and will not be downloaded again  	[MsgId: MMSG-26655]
Action.c(55): Error -26366: "Text=Thank you, <b>Petrovich</b>, for registering" not found for web_reg_find  	[MsgId: MERR-26366]
End auto log messages stack.	[MsgId: MMSG-10544]


Start auto log messages stack - Iteration 21.	[MsgId: MMSG-10545]
Action.c(35): web_url("sign up now") was successful, 14475 body bytes, 838 header bytes, 12 chunking overhead bytes  	[MsgId: MMSG-26385]
Action.c(44): Notify: Transaction "open_signuppage" ended with a "Pass" status (Duration: 0,1013 Wasted Time: 0,0000).	[MsgId: MMSG-16871]
Action.c(48): Notify: Transaction "add_register_data" started.	[MsgId: MMSG-16999]
Action.c(51): web_reg_find started  	[MsgId: MMSG-26355]
Action.c(51): Registering web_reg_find was successful  	[MsgId: MMSG-26390]
Action.c(55): web_submit_data("login.pl") started  	[MsgId: MMSG-26355]
Action.c(55): Resource "http://localhost:1080/WebTours/profileValidate.js" is in the cache already and will not be downloaded again  	[MsgId: MMSG-26655]
Action.c(55): Resource "http://localhost:1080/WebTours/images/button_next.gif" is in the cache already and will not be downloaded again  	[MsgId: MMSG-26655]
Action.c(55): Error -26366: "Text=Thank you, <b>Sharikov</b>, for registering" not found for web_reg_find  	[MsgId: MERR-26366]
End auto log messages stack.	[MsgId: MMSG-10544]


Start auto log messages stack - Iteration 22.	[MsgId: MMSG-10545]
Action.c(35): web_url("sign up now") was successful, 14475 body bytes, 838 header bytes, 12 chunking overhead bytes  	[MsgId: MMSG-26385]
Action.c(44): Notify: Transaction "open_signuppage" ended with a "Pass" status (Duration: 0,0830 Wasted Time: 0,0000).	[MsgId: MMSG-16871]
Action.c(48): Notify: Transaction "add_register_data" started.	[MsgId: MMSG-16999]
Action.c(51): web_reg_find started  	[MsgId: MMSG-26355]
Action.c(51): Registering web_reg_find was successful  	[MsgId: MMSG-26390]
Action.c(55): web_submit_data("login.pl") started  	[MsgId: MMSG-26355]
Action.c(55): Resource "http://localhost:1080/WebTours/profileValidate.js" is in the cache already and will not be downloaded again  	[MsgId: MMSG-26655]
Action.c(55): Resource "http://localhost:1080/WebTours/images/button_next.gif" is in the cache already and will not be downloaded again  	[MsgId: MMSG-26655]
Action.c(55): Error -26366: "Text=Thank you, <b>Gagarin</b>, for registering" not found for web_reg_find  	[MsgId: MERR-26366]
End auto log messages stack.	[MsgId: MMSG-10544]


Start auto log messages stack - Iteration 23.	[MsgId: MMSG-10545]
Action.c(35): web_url("sign up now") was successful, 14475 body bytes, 838 header bytes, 12 chunking overhead bytes  	[MsgId: MMSG-26385]
Action.c(44): Notify: Transaction "open_signuppage" ended with a "Pass" status (Duration: 0,0825 Wasted Time: 0,0000).	[MsgId: MMSG-16871]
Action.c(48): Notify: Transaction "add_register_data" started.	[MsgId: MMSG-16999]
Action.c(51): web_reg_find started  	[MsgId: MMSG-26355]
Action.c(51): Registering web_reg_find was successful  	[MsgId: MMSG-26390]
Action.c(55): web_submit_data("login.pl") started  	[MsgId: MMSG-26355]
Action.c(55): Resource "http://localhost:1080/WebTours/profileValidate.js" is in the cache already and will not be downloaded again  	[MsgId: MMSG-26655]
Action.c(55): Resource "http://localhost:1080/WebTours/images/button_next.gif" is in the cache already and will not be downloaded again  	[MsgId: MMSG-26655]
Action.c(55): Error -26366: "Text=Thank you, <b>Balbes</b>, for registering" not found for web_reg_find  	[MsgId: MERR-26366]
End auto log messages stack.	[MsgId: MMSG-10544]


Start auto log messages stack - Iteration 24.	[MsgId: MMSG-10545]
Action.c(35): web_url("sign up now") was successful, 14475 body bytes, 838 header bytes, 12 chunking overhead bytes  	[MsgId: MMSG-26385]
Action.c(44): Notify: Transaction "open_signuppage" ended with a "Pass" status (Duration: 0,1108 Wasted Time: 0,0000).	[MsgId: MMSG-16871]
Action.c(48): Notify: Transaction "add_register_data" started.	[MsgId: MMSG-16999]
Action.c(51): web_reg_find started  	[MsgId: MMSG-26355]
Action.c(51): Registering web_reg_find was successful  	[MsgId: MMSG-26390]
Action.c(55): web_submit_data("login.pl") started  	[MsgId: MMSG-26355]
Action.c(55): Resource "http://localhost:1080/WebTours/profileValidate.js" is in the cache already and will not be downloaded again  	[MsgId: MMSG-26655]
Action.c(55): Resource "http://localhost:1080/WebTours/images/button_next.gif" is in the cache already and will not be downloaded again  	[MsgId: MMSG-26655]
Action.c(55): Error -26366: "Text=Thank you, <b>Stirlitz</b>, for registering" not found for web_reg_find  	[MsgId: MERR-26366]
End auto log messages stack.	[MsgId: MMSG-10544]


Start auto log messages stack - Iteration 25.	[MsgId: MMSG-10545]
Action.c(35): web_url("sign up now") was successful, 14475 body bytes, 838 header bytes, 12 chunking overhead bytes  	[MsgId: MMSG-26385]
Action.c(44): Notify: Transaction "open_signuppage" ended with a "Pass" status (Duration: 0,0930 Wasted Time: 0,0000).	[MsgId: MMSG-16871]
Action.c(48): Notify: Transaction "add_register_data" started.	[MsgId: MMSG-16999]
Action.c(51): web_reg_find started  	[MsgId: MMSG-26355]
Action.c(51): Registering web_reg_find was successful  	[MsgId: MMSG-26390]
Action.c(55): web_submit_data("login.pl") started  	[MsgId: MMSG-26355]
Action.c(55): Resource "http://localhost:1080/WebTours/profileValidate.js" is in the cache already and will not be downloaded again  	[MsgId: MMSG-26655]
Action.c(55): Resource "http://localhost:1080/WebTours/images/button_next.gif" is in the cache already and will not be downloaded again  	[MsgId: MMSG-26655]
Action.c(55): Error -26366: "Text=Thank you, <b>Kozodoev</b>, for registering" not found for web_reg_find  	[MsgId: MERR-26366]
End auto log messages stack.	[MsgId: MMSG-10544]


Start auto log messages stack - Iteration 26.	[MsgId: MMSG-10545]
Action.c(35): web_url("sign up now") was successful, 14475 body bytes, 838 header bytes, 12 chunking overhead bytes  	[MsgId: MMSG-26385]
Action.c(44): Notify: Transaction "open_signuppage" ended with a "Pass" status (Duration: 0,0971 Wasted Time: 0,0000).	[MsgId: MMSG-16871]
Action.c(48): Notify: Transaction "add_register_data" started.	[MsgId: MMSG-16999]
Action.c(51): web_reg_find started  	[MsgId: MMSG-26355]
Action.c(51): Registering web_reg_find was successful  	[MsgId: MMSG-26390]
Action.c(55): web_submit_data("login.pl") started  	[MsgId: MMSG-26355]
Action.c(55): Resource "http://localhost:1080/WebTours/profileValidate.js" is in the cache already and will not be downloaded again  	[MsgId: MMSG-26655]
Action.c(55): Resource "http://localhost:1080/WebTours/images/button_next.gif" is in the cache already and will not be downloaded again  	[MsgId: MMSG-26655]
Action.c(55): Error -26366: "Text=Thank you, <b>Shurik</b>, for registering" not found for web_reg_find  	[MsgId: MERR-26366]
End auto log messages stack.	[MsgId: MMSG-10544]


Start auto log messages stack - Iteration 27.	[MsgId: MMSG-10545]
Action.c(35): web_url("sign up now") was successful, 14475 body bytes, 838 header bytes, 12 chunking overhead bytes  	[MsgId: MMSG-26385]
Action.c(44): Notify: Transaction "open_signuppage" ended with a "Pass" status (Duration: 0,0898 Wasted Time: 0,0000).	[MsgId: MMSG-16871]
Action.c(48): Notify: Transaction "add_register_data" started.	[MsgId: MMSG-16999]
Action.c(51): web_reg_find started  	[MsgId: MMSG-26355]
Action.c(51): Registering web_reg_find was successful  	[MsgId: MMSG-26390]
Action.c(55): web_submit_data("login.pl") started  	[MsgId: MMSG-26355]
Action.c(55): Resource "http://localhost:1080/WebTours/profileValidate.js" is in the cache already and will not be downloaded again  	[MsgId: MMSG-26655]
Action.c(55): Resource "http://localhost:1080/WebTours/images/button_next.gif" is in the cache already and will not be downloaded again  	[MsgId: MMSG-26655]
Action.c(55): Error -26366: "Text=Thank you, <b>Vodkin</b>, for registering" not found for web_reg_find  	[MsgId: MERR-26366]
End auto log messages stack.	[MsgId: MMSG-10544]


Start auto log messages stack - Iteration 28.	[MsgId: MMSG-10545]
Action.c(35): web_url("sign up now") was successful, 14475 body bytes, 838 header bytes, 12 chunking overhead bytes  	[MsgId: MMSG-26385]
Action.c(44): Notify: Transaction "open_signuppage" ended with a "Pass" status (Duration: 0,0976 Wasted Time: 0,0000).	[MsgId: MMSG-16871]
Action.c(48): Notify: Transaction "add_register_data" started.	[MsgId: MMSG-16999]
Action.c(51): web_reg_find started  	[MsgId: MMSG-26355]
Action.c(51): Registering web_reg_find was successful  	[MsgId: MMSG-26390]
Action.c(55): web_submit_data("login.pl") started  	[MsgId: MMSG-26355]
Action.c(55): Resource "http://localhost:1080/WebTours/profileValidate.js" is in the cache already and will not be downloaded again  	[MsgId: MMSG-26655]
Action.c(55): Resource "http://localhost:1080/WebTours/images/button_next.gif" is in the cache already and will not be downloaded again  	[MsgId: MMSG-26655]
Action.c(55): Error -26366: "Text=Thank you, <b>Borman</b>, for registering" not found for web_reg_find  	[MsgId: MERR-26366]
End auto log messages stack.	[MsgId: MMSG-10544]


Start auto log messages stack - Iteration 29.	[MsgId: MMSG-10545]
Action.c(35): web_url("sign up now") was successful, 14475 body bytes, 838 header bytes, 12 chunking overhead bytes  	[MsgId: MMSG-26385]
Action.c(44): Notify: Transaction "open_signuppage" ended with a "Pass" status (Duration: 0,0794 Wasted Time: 0,0000).	[MsgId: MMSG-16871]
Action.c(48): Notify: Transaction "add_register_data" started.	[MsgId: MMSG-16999]
Action.c(51): web_reg_find started  	[MsgId: MMSG-26355]
Action.c(51): Registering web_reg_find was successful  	[MsgId: MMSG-26390]
Action.c(55): web_submit_data("login.pl") started  	[MsgId: MMSG-26355]
Action.c(55): Resource "http://localhost:1080/WebTours/profileValidate.js" is in the cache already and will not be downloaded again  	[MsgId: MMSG-26655]
Action.c(55): Resource "http://localhost:1080/WebTours/images/button_next.gif" is in the cache already and will not be downloaded again  	[MsgId: MMSG-26655]
Action.c(55): Error -26366: "Text=Thank you, <b>Prostokvashino</b>, for registering" not found for web_reg_find  	[MsgId: MERR-26366]
End auto log messages stack.	[MsgId: MMSG-10544]


Start auto log messages stack - Iteration 30.	[MsgId: MMSG-10545]
Action.c(35): web_url("sign up now") was successful, 14475 body bytes, 838 header bytes, 12 chunking overhead bytes  	[MsgId: MMSG-26385]
Action.c(44): Notify: Transaction "open_signuppage" ended with a "Pass" status (Duration: 0,0982 Wasted Time: 0,0000).	[MsgId: MMSG-16871]
Action.c(48): Notify: Transaction "add_register_data" started.	[MsgId: MMSG-16999]
Action.c(51): web_reg_find started  	[MsgId: MMSG-26355]
Action.c(51): Registering web_reg_find was successful  	[MsgId: MMSG-26390]
Action.c(55): web_submit_data("login.pl") started  	[MsgId: MMSG-26355]
Action.c(55): Resource "http://localhost:1080/WebTours/profileValidate.js" is in the cache already and will not be downloaded again  	[MsgId: MMSG-26655]
Action.c(55): Resource "http://localhost:1080/WebTours/images/button_next.gif" is in the cache already and will not be downloaded again  	[MsgId: MMSG-26655]
Action.c(55): Error -26366: "Text=Thank you, <b>Petrovich</b>, for registering" not found for web_reg_find  	[MsgId: MERR-26366]
End auto log messages stack.	[MsgId: MMSG-10544]


Start auto log messages stack - Iteration 31.	[MsgId: MMSG-10545]
Action.c(35): web_url("sign up now") was successful, 14475 body bytes, 838 header bytes, 12 chunking overhead bytes  	[MsgId: MMSG-26385]
Action.c(44): Notify: Transaction "open_signuppage" ended with a "Pass" status (Duration: 0,1043 Wasted Time: 0,0000).	[MsgId: MMSG-16871]
Action.c(48): Notify: Transaction "add_register_data" started.	[MsgId: MMSG-16999]
Action.c(51): web_reg_find started  	[MsgId: MMSG-26355]
Action.c(51): Registering web_reg_find was successful  	[MsgId: MMSG-26390]
Action.c(55): web_submit_data("login.pl") started  	[MsgId: MMSG-26355]
Action.c(55): Resource "http://localhost:1080/WebTours/profileValidate.js" is in the cache already and will not be downloaded again  	[MsgId: MMSG-26655]
Action.c(55): Resource "http://localhost:1080/WebTours/images/button_next.gif" is in the cache already and will not be downloaded again  	[MsgId: MMSG-26655]
Action.c(55): Error -26366: "Text=Thank you, <b>Sharikov</b>, for registering" not found for web_reg_find  	[MsgId: MERR-26366]
End auto log messages stack.	[MsgId: MMSG-10544]


Start auto log messages stack - Iteration 32.	[MsgId: MMSG-10545]
Action.c(35): web_url("sign up now") was successful, 14475 body bytes, 838 header bytes, 12 chunking overhead bytes  	[MsgId: MMSG-26385]
Action.c(44): Notify: Transaction "open_signuppage" ended with a "Pass" status (Duration: 0,0999 Wasted Time: 0,0000).	[MsgId: MMSG-16871]
Action.c(48): Notify: Transaction "add_register_data" started.	[MsgId: MMSG-16999]
Action.c(51): web_reg_find started  	[MsgId: MMSG-26355]
Action.c(51): Registering web_reg_find was successful  	[MsgId: MMSG-26390]
Action.c(55): web_submit_data("login.pl") started  	[MsgId: MMSG-26355]
Action.c(55): Resource "http://localhost:1080/WebTours/profileValidate.js" is in the cache already and will not be downloaded again  	[MsgId: MMSG-26655]
Action.c(55): Resource "http://localhost:1080/WebTours/images/button_next.gif" is in the cache already and will not be downloaded again  	[MsgId: MMSG-26655]
Action.c(55): Error -26366: "Text=Thank you, <b>Gagarin</b>, for registering" not found for web_reg_find  	[MsgId: MERR-26366]
End auto log messages stack.	[MsgId: MMSG-10544]


